<?xml version="1.0" encoding="UTF-8"?>
<!-- Generated by org.testng.reporters.JUnitReportReporter -->
<testsuite skipped="0" hostname="INPF18PMQP" name="com.zohocrm1.qa.testcases.LoginPageTest1" tests="2" failures="1" timestamp="04 Jul 2019 06:02:32 GMT" time="40.826" errors="0">
  <testcase name="verifyLogintest" time="22.160" classname="com.zohocrm1.qa.testcases.LoginPageTest1"/>
  <testcase name="verifypagetitle" time="18.666" classname="com.zohocrm1.qa.testcases.LoginPageTest1">
    <failure type="java.lang.AssertionError" message="The following asserts failed:
	Title is not same expected [Zoho CRM - Home Page] but found [Sales CRM System | Best CRM Software for SMBs - Zoho CRM India]">
      <![CDATA[java.lang.AssertionError: The following asserts failed:
Title is not same expected [Zoho CRM - Home Page] but found [Sales CRM System | Best CRM Software for SMBs - Zoho CRM India]
at org.testng.asserts.SoftAssert.assertAll(SoftAssert.java:43)
at com.zohocrm1.qa.testcases.LoginPageTest1.verifypagetitle(LoginPageTest1.java:48)
at sun.reflect.NativeMethodAccessorImpl.invoke0(Native Method)
at sun.reflect.NativeMethodAccessorImpl.invoke(Unknown Source)
at sun.reflect.DelegatingMethodAccessorImpl.invoke(Unknown Source)
at java.lang.reflect.Method.invoke(Unknown Source)
at org.testng.internal.MethodInvocationHelper.invokeMethod(MethodInvocationHelper.java:124)
at org.testng.internal.Invoker.invokeMethod(Invoker.java:583)
at org.testng.internal.Invoker.invokeTestMethod(Invoker.java:719)
at org.testng.internal.Invoker.invokeTestMethods(Invoker.java:989)
at org.testng.internal.TestMethodWorker.invokeTestMethods(TestMethodWorker.java:125)
at org.testng.internal.TestMethodWorker.run(TestMethodWorker.java:109)
at org.testng.TestRunner.privateRun(TestRunner.java:648)
at org.testng.TestRunner.run(TestRunner.java:505)
at org.testng.SuiteRunner.runTest(SuiteRunner.java:455)
at org.testng.SuiteRunner.runSequentially(SuiteRunner.java:450)
at org.testng.SuiteRunner.privateRun(SuiteRunner.java:415)
at org.testng.SuiteRunner.run(SuiteRunner.java:364)
at org.testng.SuiteRunnerWorker.runSuite(SuiteRunnerWorker.java:52)
at org.testng.SuiteRunnerWorker.run(SuiteRunnerWorker.java:84)
at org.testng.TestNG.runSuitesSequentially(TestNG.java:1208)
at org.testng.TestNG.runSuitesLocally(TestNG.java:1137)
at org.testng.TestNG.runSuites(TestNG.java:1049)
at org.testng.TestNG.run(TestNG.java:1017)
at org.testng.remote.AbstractRemoteTestNG.run(AbstractRemoteTestNG.java:115)
at org.testng.remote.RemoteTestNG.initAndRun(RemoteTestNG.java:251)
at org.testng.remote.RemoteTestNG.main(RemoteTestNG.java:77)
]]>
    </failure>
  </testcase> <!-- verifypagetitle -->
</testsuite> <!-- com.zohocrm1.qa.testcases.LoginPageTest1 -->
